d257d347-e454-4b7f-8495-e6175e1e87b8:1761170817697:0:S:SET SERVEROUTPUT ON
f501a82d-0e7f-4322-a995-688f46f0d39a:1761170817844:0:S:VARIABLE P_RESP VARCHAR2
7463dc45-8fb2-424b-aaf0-55df7a3910c8:1761170817997:0:S:VARIABLE P_PROCESADO VARCHAR2
43223faf-a696-414a-9b2e-6a775b184f28:1761170842159:183:S:DECLARE\n  P_NRO_REFERENCIA_PAGO VARCHAR2(15);\n  P_USUARIO VARCHAR2(200);\n  P_RESP VARCHAR2(200);\n  P_PROCESADO BOOLEAN;\nBEGIN\n  P_NRO_REFERENCIA_PAGO := NULL;\n  P_USUARIO := NULL;\n  SL.PK_OGT_IMPUTACION.PR_PROCESAR_IMPUTACION(\n    P_NRO_REFERENCIA_PAGO => P_NRO_REFERENCIA_PAGO,\n    P_USUARIO => P_USUARIO,\n    P_RESP => P_RESP,\n    P_PROCESADO => P_PROCESADO);\n  DBMS_OUTPUT.PUT_LINE('P_RESP = ' || P_RESP);\n  :P_RESP := P_RESP;\n  -- IF (P_PROCESADO) THEN \n    -- DBMS_OUTPUT.PUT_LINE('P_PROCESADO = ' || 'TRUE');\n    -- :P_PROCESADO := 'TRUE';\n  -- ELSE\n    -- DBMS_OUTPUT.PUT_LINE('P_PROCESADO = ' || 'FALSE');\n    -- :P_PROCESADO := 'FALSE';\n  -- END IF;\n  -- Rollback;\nend;\n\n\n/
94019bd1-e1c6-4ae5-85ce-8cb3e844a53a:1761170867974:0:S:SET SERVEROUTPUT ON
1a5fbc30-92ac-4088-b2ab-857265a3d893:1761170868120:0:S:VARIABLE P_RESP VARCHAR2
8ee3b541-2dbc-4f4a-b8d8-9ecdb92660f2:1761170868250:0:S:VARIABLE P_PROCESADO VARCHAR2
f581fdf2-2da8-4e2f-8ec5-6190d6715460:1761170882035:188:S:DECLARE\n  P_NRO_REFERENCIA_PAGO VARCHAR2(15);\n  P_USUARIO VARCHAR2(200);\n  P_RESP VARCHAR2(200);\n  P_PROCESADO BOOLEAN;\nBEGIN\n  P_NRO_REFERENCIA_PAGO := NULL;\n  P_USUARIO := NULL;\n  SL.PK_OGT_IMPUTACION.PR_PROCESAR_IMPUTACION(\n    P_NRO_REFERENCIA_PAGO => P_NRO_REFERENCIA_PAGO,\n    P_USUARIO => P_USUARIO,\n    P_RESP => P_RESP,\n    P_PROCESADO => P_PROCESADO);\n  DBMS_OUTPUT.PUT_LINE('P_RESP = ' || P_RESP);\n  :P_RESP := P_RESP;\n  -- IF (P_PROCESADO) THEN \n    -- DBMS_OUTPUT.PUT_LINE('P_PROCESADO = ' || 'TRUE');\n    -- :P_PROCESADO := 'TRUE';\n  -- ELSE\n    -- DBMS_OUTPUT.PUT_LINE('P_PROCESADO = ' || 'FALSE');\n    -- :P_PROCESADO := 'FALSE';\n  -- END IF;\n  -- Rollback;\nend;\n/
8cc2e8bc-b158-48d8-9e45-44b33d32a8fa:1761170904616:181:S:DECLARE\n  P_NRO_REFERENCIA_PAGO VARCHAR2(15);\n  P_USUARIO VARCHAR2(200);\n  P_RESP VARCHAR2(200);\n  P_PROCESADO BOOLEAN;\nBEGIN\n  P_NRO_REFERENCIA_PAGO := NULL;\n  P_USUARIO := NULL;\n  SL.PK_OGT_IMPUTACION.PR_PROCESAR_IMPUTACION(\n    P_NRO_REFERENCIA_PAGO => P_NRO_REFERENCIA_PAGO,\n    P_USUARIO => P_USUARIO,\n    P_RESP => P_RESP,\n    P_PROCESADO => P_PROCESADO);\n  DBMS_OUTPUT.PUT_LINE('P_RESP = ' || P_RESP);\n  :P_RESP := P_RESP;\n  -- IF (P_PROCESADO) THEN \n    -- DBMS_OUTPUT.PUT_LINE('P_PROCESADO = ' || 'TRUE');\n    -- :P_PROCESADO := 'TRUE';\n  -- ELSE\n    -- DBMS_OUTPUT.PUT_LINE('P_PROCESADO = ' || 'FALSE');\n    -- :P_PROCESADO := 'FALSE';\n  -- END IF;\n  -- Rollback;\nend;\n/
849e3df8-e6a4-47dc-b010-7d17786a71b7:1761171015814:187:S:alter session set PLSQL_OPTIMIZE_LEVEL=1;
a218413d-3a0f-49ec-b26f-3457efd7b3f0:1761171035120:229:F:alter package pk_ogt_imputacion compile body;
ceb85703-aca2-4542-af6b-5f2928ddf5bd:1761171046269:195:F:GRANT DEBUG CONNECT ANY TO sl;
74efe788-0bd1-49bc-85dd-7e6ebdd86c17:1761171057917:187:F:GRANT DEBUG ANY PROCEDURE TO SL;
57677639-b1fd-42b6-a51a-24a1471d5a69:1761171122150:409:F:begin\n  DBMS_NETWORK_ACL_ADMIN.append_host_ace(\n    host => '*'\n  , ace  =>\n      sys.xs$ace_type(privilege_list => sys.XS$NAME_LIST('JDWP')\n                    , principal_name => 'SL'\n                    , principal_type => sys.XS_ACL.PTYPE_DB\n                     )\n  );\nend;\n/
75685f18-87c1-417f-a511-340fc37035c9:1761172791400:0:F:evalBreakpoint;
2c8c8ecc-2724-447b-a5fc-a1ef175682dc:1761172793911:182:F:alter session set PLSQL_OPTIMIZE_LEVEL=1;
b593f53d-2378-4089-a649-0a13643f02b8:1761172870540:0:S:SET SERVEROUTPUT ON
13ebbb42-8641-48cd-824f-f99cc0b37bc6:1761172870679:0:S:VARIABLE P_RESP VARCHAR2
c61d2574-9baa-4f2c-a639-431284d274a4:1761172870823:0:S:VARIABLE P_PROCESADO VARCHAR2
ffb288bb-4c9e-4799-8753-8eafded9060e:1761172877322:0:F:DECLARE\n  P_NRO_REFERENCIA_PAGO VARCHAR2(15);\n  P_USUARIO VARCHAR2(200);\n  P_RESP VARCHAR2(200);\n  P_PROCESADO BOOLEAN;\nBEGIN\n  P_NRO_REFERENCIA_PAGO := NULL;\n  P_USUARIO := NULL;\n  evalBreakpoint;\n  SL.PK_OGT_IMPUTACION.PR_PROCESAR_IMPUTACION(\n    P_NRO_REFERENCIA_PAGO => P_NRO_REFERENCIA_PAGO,\n    P_USUARIO => P_USUARIO,\n    P_RESP => P_RESP,\n    P_PROCESADO => P_PROCESADO);\n  DBMS_OUTPUT.PUT_LINE('P_RESP = ' || P_RESP);\n  :P_RESP := P_RESP;\n  -- IF (P_PROCESADO) THEN \n    -- DBMS_OUTPUT.PUT_LINE('P_PROCESADO = ' || 'TRUE');\n    -- :P_PROCESADO := 'TRUE';\n  -- ELSE\n    -- DBMS_OUTPUT.PUT_LINE('P_PROCESADO = ' || 'FALSE');\n    -- :P_PROCESADO := 'FALSE';\n  -- END IF;\n  -- Rollback;\nend;\n/
a0f4360c-b29f-4293-9b9a-e4fa93286d9e:1761172887158:0:S:SET SERVEROUTPUT ON
4f791ed1-41ca-4fe3-b283-52136559e0b4:1761172887294:0:S:VARIABLE P_RESP VARCHAR2
bbcc8267-f2a6-4c67-972e-abb151825bdb:1761172887433:0:S:VARIABLE P_PROCESADO VARCHAR2
d8efff6f-05f1-42f8-9dc9-d5c891179314:1761172892265:0:F:DECLARE\n  P_NRO_REFERENCIA_PAGO VARCHAR2(15);\n  P_USUARIO VARCHAR2(200);\n  P_RESP VARCHAR2(200);\n  P_PROCESADO BOOLEAN;\nBEGIN\n  P_NRO_REFERENCIA_PAGO := NULL;\n  P_USUARIO := NULL;\n  evalBreakpoint;\n  SL.PK_OGT_IMPUTACION.PR_PROCESAR_IMPUTACION(\n    P_NRO_REFERENCIA_PAGO => P_NRO_REFERENCIA_PAGO,\n    P_USUARIO => P_USUARIO,\n    P_RESP => P_RESP,\n    P_PROCESADO => P_PROCESADO);\n  DBMS_OUTPUT.PUT_LINE('P_RESP = ' || P_RESP);\n  :P_RESP := P_RESP;\n  -- IF (P_PROCESADO) THEN \n    -- DBMS_OUTPUT.PUT_LINE('P_PROCESADO = ' || 'TRUE');\n    -- :P_PROCESADO := 'TRUE';\n  -- ELSE\n    -- DBMS_OUTPUT.PUT_LINE('P_PROCESADO = ' || 'FALSE');\n    -- :P_PROCESADO := 'FALSE';\n  -- END IF;\n  -- Rollback;\nend;\n/
